<?xml version="1.0" encoding="UTF-8"?>
<testsuite name="data.structures.NodeListTest" tests="2" skipped="0" failures="0" errors="0" timestamp="2023-09-23T06:17:46" hostname="DESKTOP-6J6JH0V" time="0.037">
  <properties/>
  <testcase name="testSort()" classname="data.structures.NodeListTest" time="0.033"/>
  <testcase name="testEquals()" classname="data.structures.NodeListTest" time="0.003"/>
  <system-out><![CDATA[]]></system-out>
  <system-err><![CDATA[]]></system-err>
</testsuite>
